make.exe all --print-data-base --no-builtin-variables --no-builtin-rules --question
make: *** No rule to make target 'all'.  Stop.

# GNU Make 4.3
# Built for Windows32
# Copyright (C) 1988-2020 Free Software Foundation, Inc.
# License GPLv3+: GNU GPL version 3 or later <http://gnu.org/licenses/gpl.html>
# This is free software: you are free to change and redistribute it.
# There is NO WARRANTY, to the extent permitted by law.

# Make data base, printed on Wed Aug 03 13:02:15 2022

# Variables

# environment
FPS_BROWSER_APP_PROFILE_STRING = Internet Explorer
# environment
SYSTEMDRIVE = C:
# environment
JAVA_HOME = C:\Program Files\Java\jdk1.8.0_251
# environment
LC_ALL = C
# makefile (from 'Makefile', line 5)
API_PORT = 4001
# environment
USERPROFILE = C:\Users\nekro
# environment
VBOX_MSI_INSTALL_PATH = D:\z._utility\OracleVM\
# environment
LOCALAPPDATA = C:\Users\nekro\AppData\Local
# environment
VSCODE_CWD = D:\z._utility\VSCode\Microsoft VS Code
# environment
CHOCOLATEYINSTALL = C:\ProgramData\chocolatey
# environment
SYSTEMROOT = C:\WINDOWS
# environment
PROCESSOR_LEVEL = 6
# environment
PSMODULEPATH = C:\Program Files\WindowsPowerShell\Modules;C:\WINDOWS\system32\WindowsPowerShell\v1.0\Modules
# default
MAKE_COMMAND := C:/ProgramData/chocolatey/lib/make/tools/install/bin/make.exe
# environment
GOPATH = C:\Users\nekro\go
# automatic
@D = $(patsubst %/,%,$(patsubst %\,%,$(dir $@)))
# environment
CHROME_CRASHPAD_PIPE_NAME = \\.\pipe\crashpad_9720_ZWRPXNYAUKHOFKRH
# environment
FPS_BROWSER_USER_PROFILE_STRING = Default
# environment
VSCODE_HANDLES_UNCAUGHT_ERRORS = true
# default
.VARIABLES := 
# automatic
%D = $(patsubst %/,%,$(patsubst %\,%,$(dir $%)))
# makefile (from 'Makefile', line 4)
GOSTRIPE_PORT = 4000
# automatic
^D = $(patsubst %/,%,$(patsubst %\,%,$(dir $^)))
# automatic
%F = $(notdir $%)
# environment
VSCODE_CODE_CACHE_PATH = C:\Users\nekro\AppData\Roaming\Code\CachedData\b06ae3b2d2dbfe28bca3134cc6be65935cdfea6a
# environment
LANG = C
# default
.LOADED := 
# environment
TMP = C:\Users\nekro\AppData\Local\Temp
# default
.INCLUDE_DIRS = .
# environment
PROCESSOR_ARCHITEW6432 = AMD64
# makefile
MAKEFLAGS = pqrR
# environment
INTEL_DEV_REDIST = C:\Program Files (x86)\Common Files\Intel\Shared Libraries\
# environment
ONEDRIVE = C:\Users\nekro\OneDrive
# makefile
CURDIR := d:/b._Repositori/11._stripetutor/go-stripe
# environment
APPLICATION_INSIGHTS_NO_DIAGNOSTIC_CHANNEL = 1
# automatic
*D = $(patsubst %/,%,$(patsubst %\,%,$(dir $*)))
# makefile (from '.env', line 2)
STRIPE_SECRET = sk_test_51LBLBQBWsuY0cZrm45b3CJSMRKO7gG6nmnf49R5VS84uPkYEWP8PhL7cfQPDyJwEPshwkfBQNFuXycINnXAg8wMK00F0ljmk0X
# environment
PROGRAMFILES = C:\Program Files (x86)
# environment
MFLAGS = -pqrR
# default
.SHELLFLAGS := -c
# environment
COMMONPROGRAMW6432 = C:\Program Files\Common Files
# automatic
+D = $(patsubst %/,%,$(patsubst %\,%,$(dir $+)))
# makefile (from '.env', line 1)
MAKEFILE_LIST := Makefile .env
# automatic
@F = $(notdir $@)
# environment
VSCODE_PID = 9720
# automatic
?D = $(patsubst %/,%,$(patsubst %\,%,$(dir $?)))
# environment
ONLINESERVICES = Online Services
# automatic
*F = $(notdir $*)
# automatic
<D = $(patsubst %/,%,$(patsubst %\,%,$(dir $<)))
# environment
VSCODE_NLS_CONFIG = {"locale":"en-us","availableLanguages":{},"_languagePackSupport":true}
# environment
ONEDRIVECONSUMER = C:\Users\nekro\OneDrive
# default
MAKE_HOST := Windows32
# environment
PROGRAMDATA = C:\ProgramData
# makefile (from 'Makefile', line 1)
SHELL = cmd
# environment
CLASSPATH = D:\z._works\1._KBBUKOPIN\TIBCO\tibrv\8.4\lib\tibrvnative.jar;
# environment
HOMEPATH = \Users\nekro
# default
MAKECMDGOALS := all
# environment
DRIVERDATA = C:\Windows\System32\Drivers\DriverData
# environment
COMSPEC = C:\WINDOWS\system32\cmd.exe
# environment
WINDIR = C:\WINDOWS
# environment
MAKELEVEL := 0
# default
MAKE = $(MAKE_COMMAND)
# environment
PATH = C:\Program Files (x86)\Razer Chroma SDK\bin;C:\Program Files\Razer Chroma SDK\bin;D:\z._works\1._KBBUKOPIN\TIBCO\tibrv\8.4\bin;C:\Program Files (x86)\Common Files\Oracle\Java\javapath;C:\Program Files (x86)\Razer\ChromaBroadcast\bin;C:\Program Files\Razer\ChromaBroadcast\bin;C:\Program Files (x86)\Common Files\Intel\Shared Libraries\redist\intel64\compiler;C:\windows\system32;C:\windows;C:\windows\System32\Wbem;C:\windows\System32\WindowsPowerShell\v1.0\;C:\windows\System32\OpenSSH\;C:\Program Files (x86)\NVIDIA Corporation\PhysX\Common;C:\Program Files\NVIDIA Corporation\NVIDIA NvDLISR;C:\WINDOWS\system32;C:\WINDOWS;C:\WINDOWS\System32\Wbem;C:\WINDOWS\System32\WindowsPowerShell\v1.0\;C:\WINDOWS\System32\OpenSSH\;C:\Users\nekro\AppData\Local\Microsoft\WindowsApps;C:\Users\nekro\AppData\Roaming\nvm;C:\Program Files\nodejs;C:\Program Files\Java\jdk1.8.0_251\bin;C:\WINDOWS\system32\config\systemprofile\AppData\Local\Microsoft\WindowsApps;C:\Program Files (x86)\ZeroTier\One\;C:\Program Files\Cloudflare\Cloudflare WARP;C:\Program Files\Go\bin;C:\ProgramData\chocolatey\bin;C:\Program Files\MariaDB 10.9\bin;D:\z._utility\Git\cmd;D:\z._utility\Git;C:\Program Files\MySQL\MySQL Shell 8.0\bin\;C:\Users\nekro\AppData\Local\Microsoft\WindowsApps;C:\Users\nekro\AppData\Roaming\nvm;C:\Program Files\nodejs;C:\Users\nekro\AppData\Local\GitHubDesktop\bin;D:\z._utility\VSCode\Microsoft VS Code\bin;C:\Program Files\Java\jdk1.8.0_251;C:\Users\nekro\go\bin
# environment
ZES_ENABLE_SYSMAN = 1
# environment
COMPUTERNAME = LAPTOP-92B34I7P
# default
MAKEFILES := 
# automatic
^F = $(notdir $^)
# environment
PROMPT = $P$G
# environment
CHOCOLATEYLASTPATHUPDATE = 133008003856806610
# environment
LOGONSERVER = \\LAPTOP-92B34I7P
# environment
USERNAME = nekro
# environment
COMMONPROGRAMFILES = C:\Program Files (x86)\Common Files
# automatic
?F = $(notdir $?)
# environment
PROGRAMW6432 = C:\Program Files
# environment
PATHEXT = .COM;.EXE;.BAT;.CMD;.VBS;.VBE;.JS;.JSE;.WSF;.WSH;.MSC
# automatic
+F = $(notdir $+)
# environment
ORIGINAL_XDG_CURRENT_DESKTOP = undefined
# environment
USERDOMAIN = LAPTOP-92B34I7P
# 'override' directive
GNUMAKEFLAGS := 
# environment
OS = Windows_NT
# makefile
.DEFAULT_GOAL := build
# environment
NVM_HOME = C:\Users\nekro\AppData\Roaming\nvm
# default
MAKE_VERSION := 4.3
# environment
PLATFORMCODE = KV
# environment
PROGRAMFILES(X86) = C:\Program Files (x86)
# makefile (from '.env', line 1)
STRIPE_KEY = pk_test_51LBLBQBWsuY0cZrmuAEnUwehDWsPgkpsdNaf81TgcHrOCoJqVlpGGLXwEgNgY6IvrBJmlYXAoz9bOuasu6mRyw05004VJzsTzp
# environment
USERDOMAIN_ROAMINGPROFILE = LAPTOP-92B34I7P
# environment
NUMBER_OF_PROCESSORS = 8
# environment
PUBLIC = C:\Users\Public
# environment
APPDATA = C:\Users\nekro\AppData\Roaming
# environment
HOMEDRIVE = C:
# environment
NVM_SYMLINK = C:\Program Files\nodejs
# environment
PROCESSOR_ARCHITECTURE = x86
# environment
GOMODCACHE = C:\Users\nekro\go\pkg\mod
# environment
VSCODE_AMD_ENTRYPOINT = vs/workbench/api/node/extensionHostProcess
# environment
COMMONPROGRAMFILES(X86) = C:\Program Files (x86)\Common Files
# makefile (from 'Makefile', line 6)
DSN = "root@(localhost:3306)/widgets?parseTime=true&tls=false"
# environment
ELECTRON_RUN_AS_NODE = 1
# environment
TEMP = C:\Users\nekro\AppData\Local\Temp
# environment
VSCODE_IPC_HOOK = \\.\pipe\778e264f41b784bfda0273ad8064dd57-1.69.1-main-sock
# environment
GOPROXY = https://proxy.golang.org,direct
# default
.RECIPEPREFIX := 
# automatic
<F = $(notdir $<)
# default
SUFFIXES := 
# environment
ALLUSERSPROFILE = C:\ProgramData
# environment
SESSIONNAME = Console
# default
.FEATURES := target-specific order-only second-expansion else-if shortest-stem undefine oneshell nocomment grouped-target extr 
a-prereqs archives jobserver output-sync load
# environment
MIC_LD_LIBRARY_PATH = C:\Program Files (x86)\Common Files\Intel\Shared Libraries\compiler\lib\mic
# environment
PROCESSOR_REVISION = a502
# environment
REGIONCODE = APJ
# environment
PROCESSOR_IDENTIFIER = Intel64 Family 6 Model 165 Stepping 2, GenuineIntel
# variable set hash-table stats:
# Load=111/1024=11%, Rehash=0, Collisions=14/140=10%

# Pattern-specific Variable Values

# No pattern-specific variable values.

# Directories

# . (key d:/b._Repositori/11._stripetutor/go-stripe, mtime 1659372204): 20 files, no impossibilities.

# 20 files, no impossibilities in 1 directories.

# Implicit Rules

# No implicit rules.

# Files

start: start_front start_back
#  Implicit rule search has not been done.
#  Modification time never checked.
#  File has not been updated.

build_back:
#  Implicit rule search has not been done.
#  Modification time never checked.
#  File has not been updated.
#  recipe to execute (from 'Makefile', line 29):
	@echo Building back end...
	@go build -o dist/gostripe_api.exe ./cmd/api
	@echo Back end built!

start_back: build_back
#  Implicit rule search has not been done.
#  Modification time never checked.
#  File has not been updated.
#  recipe to execute (from 'Makefile', line 44):
	@echo Starting the back end...
	@set STRIPE_KEY=${STRIPE_KEY}&& set STRIPE_SECRET=${STRIPE_SECRET}&& start /B .\dist\gostripe_api.exe -dsn=${DSN}
	@echo Back end running!

# Not a target:
.env:
#  Implicit rule search has been done.
#  Last modified 2022-07-18 18:22:40
#  File has been updated.
#  Successfully updated.

# Not a target:
Makefile:
#  Implicit rule search has been done.
#  Last modified 2022-08-02 21:27:38
#  File has been updated.
#  Successfully updated.

build_front:
#  Implicit rule search has not been done.
#  Modification time never checked.
#  File has not been updated.
#  recipe to execute (from 'Makefile', line 23):
	@echo Building front end...
	@go build -o dist/gostripe.exe ./cmd/web
	@echo Front end built!

stop_back:
#  Implicit rule search has not been done.
#  Modification time never checked.
#  File has not been updated.
#  recipe to execute (from 'Makefile', line 60):
	@echo Stopping the back end...
	@taskkill /IM gostripe_api.exe /F
	@echo Stopped back end

clean:
#  Implicit rule search has not been done.
#  Modification time never checked.
#  File has not been updated.
#  recipe to execute (from 'Makefile', line 16):
	@echo Cleaning...
	@echo y | DEL /S dist
	@go clean
	@echo Cleaned and deleted binaries

stop: stop_front stop_back
#  Implicit rule search has not been done.
#  Modification time never checked.
#  File has not been updated.
#  recipe to execute (from 'Makefile', line 50):
	@echo All applications stopped

# Not a target:
.DEFAULT:
#  Implicit rule search has not been done.
#  Modification time never checked.
#  File has not been updated.

# Not a target:
all:
#  Command line target.
#  Implicit rule search has been done.
#  File does not exist.
#  File has not been updated.

start_front: build_front
#  Implicit rule search has not been done.
#  Modification time never checked.
#  File has not been updated.
#  recipe to execute (from 'Makefile', line 38):
	@echo Starting the front end...
	@set STRIPE_KEY=${STRIPE_KEY}&& set STRIPE_SECRET=${STRIPE_SECRET}&& start /B .\dist\gostripe.exe -dsn=${DSN}
	@echo Front end running!

build: clean build_front build_back
#  Implicit rule search has not been done.
#  Modification time never checked.
#  File has not been updated.
#  recipe to execute (from 'Makefile', line 12):
	@echo All binaries built!

restart: stop_front stop_back start_front start_back
#  Implicit rule search has not been done.
#  Modification time never checked.
#  File has not been updated.

stop_front:
#  Implicit rule search has not been done.
#  Modification time never checked.
#  File has not been updated.
#  recipe to execute (from 'Makefile', line 54):
	@echo Stopping the front end...
	@taskkill /IM gostripe.exe /F
	@echo Stopped front end

restart_back: stop_back start_back
#  Implicit rule search has not been done.
#  Modification time never checked.
#  File has not been updated.

restart_front: stop_front start_front
#  Implicit rule search has not been done.
#  Modification time never checked.
#  File has not been updated.

# files hash-table stats:
# Load=18/1024=2%, Rehash=0, Collisions=1/53=2%
# VPATH Search Paths

# No 'vpath' search paths.

# No general ('VPATH' variable) search path.

# strcache buffers: 1 (0) / strings = 36 / storage = 305 B / avg = 8 B
# current buf: size = 8174 B / used = 305 B / count = 36 / avg = 8 B

# strcache performance: lookups = 72 / hit rate = 50%
# hash-table stats:
# Load=36/8192=0%, Rehash=0, Collisions=0/72=0%
# Finished Make data base on Wed Aug 03 13:02:15 2022

 
